[debug] [2017-08-01T06:13:56.892Z] ----------------------------------------------------------------------
[debug] [2017-08-01T06:13:56.894Z] Command:      /usr/local/bin/node /usr/local/bin/firebase serve
[debug] [2017-08-01T06:13:56.895Z] CLI Version:  3.9.1
[debug] [2017-08-01T06:13:56.895Z] Platform:     linux
[debug] [2017-08-01T06:13:56.895Z] Node Version: v8.1.2
[debug] [2017-08-01T06:13:56.895Z] Time:         Tue Aug 01 2017 02:13:56 GMT-0400 (EDT)
[debug] [2017-08-01T06:13:56.895Z] ----------------------------------------------------------------------
[debug] 
[debug] [2017-08-01T06:13:56.907Z] > command requires scopes: ["email","openid","https://www.googleapis.com/auth/cloudplatformprojects.readonly","https://www.googleapis.com/auth/firebase","https://www.googleapis.com/auth/cloud-platform"]
[debug] [2017-08-01T06:13:56.908Z] > authorizing via signed-in user
[debug] [2017-08-01T06:13:56.910Z] >>> HTTP REQUEST GET https://admin.firebase.com/v1/projects/takeouttonight-a60b0  
 Tue Aug 01 2017 02:13:56 GMT-0400 (EDT)
[debug] [2017-08-01T06:13:57.470Z] <<< HTTP RESPONSE 200
[debug] [2017-08-01T06:13:57.472Z] >>> HTTP REQUEST GET https://admin.firebase.com/v1/database/takeouttonight-a60b0/tokens  
 Tue Aug 01 2017 02:13:57 GMT-0400 (EDT)
[debug] [2017-08-01T06:13:57.821Z] <<< HTTP RESPONSE 200
[info] 
[info] === Serving from '/home/matt/TakeOutTonight'...
[info] 
[debug] [2017-08-01T06:13:57.826Z] >>> HTTP REQUEST GET https://cloudresourcemanager.googleapis.com/v1/projects/takeouttonight-a60b0  
 Tue Aug 01 2017 02:13:57 GMT-0400 (EDT)
[debug] [2017-08-01T06:13:58.216Z] <<< HTTP RESPONSE 200
[debug] [2017-08-01T06:13:58.217Z] >>> HTTP REQUEST GET https://mobilesdk-pa.googleapis.com/v1/projects/78398501206/clients/_:getWebAppConfig  
 Tue Aug 01 2017 02:13:58 GMT-0400 (EDT)
[debug] [2017-08-01T06:13:58.786Z] <<< HTTP RESPONSE 200
[warn] ⚠  hosting: Port 5000 is not available. Trying another port...
[debug] [2017-08-01T06:13:58.799Z] >>> HTTP REQUEST GET https://cloudresourcemanager.googleapis.com/v1/projects/takeouttonight-a60b0  
 Tue Aug 01 2017 02:13:58 GMT-0400 (EDT)
[debug] [2017-08-01T06:13:59.086Z] <<< HTTP RESPONSE 200
[debug] [2017-08-01T06:13:59.087Z] >>> HTTP REQUEST GET https://mobilesdk-pa.googleapis.com/v1/projects/78398501206/clients/_:getWebAppConfig  
 Tue Aug 01 2017 02:13:59 GMT-0400 (EDT)
[debug] [2017-08-01T06:13:59.453Z] <<< HTTP RESPONSE 200
[info] i  hosting: Serving hosting files from: app
[info] ✔  hosting: Local server: http://localhost:5004

